{"name":"Add one book to the User`s Profile","status":"failed","statusDetails":{"known":false,"muted":false,"flaky":false,"message":"Invalid element state [by text: Login]: element click intercepted: Element <span class=\"text\">...</span> is not clickable at point (102, 232). Other element would receive the click: <div class=\"fc-dialog-overlay\"></div>\r\nScreenshot: file:/C:/Users/Ivan%20Xor/Downloads/BookStoreUI_Cucumber-main/build/reports/tests/1706547980760.1.png\r\nPage source: file:/C:/Users/Ivan%20Xor/Downloads/BookStoreUI_Cucumber-main/build/reports/tests/1706547980760.1.html\r\nTimeout: 4 s.\r\nCaused by: ElementClickInterceptedException: element click intercepted: Element <span class=\"text\">...</span> is not clickable at point (102, 232). Other element would receive the click: <div class=\"fc-dialog-overlay\"></div>","trace":"Invalid element state [by text: Login]: element click intercepted: Element <span class=\"text\">...</span> is not clickable at point (102, 232). Other element would receive the click: <div class=\"fc-dialog-overlay\"></div>\r\nScreenshot: file:/C:/Users/Ivan%20Xor/Downloads/BookStoreUI_Cucumber-main/build/reports/tests/1706547980760.1.png\r\nPage source: file:/C:/Users/Ivan%20Xor/Downloads/BookStoreUI_Cucumber-main/build/reports/tests/1706547980760.1.html\r\nTimeout: 4 s.\r\nCaused by: ElementClickInterceptedException: element click intercepted: Element <span class=\"text\">...</span> is not clickable at point (102, 232). Other element would receive the click: <div class=\"fc-dialog-overlay\"></div>\r\n\tat com.codeborne.selenide.impl.ExceptionWrapper.wrap(ExceptionWrapper.java:26)\r\n\tat com.codeborne.selenide.impl.SelenideElementProxy.dispatchAndRetry(SelenideElementProxy.java:154)\r\n\tat com.codeborne.selenide.impl.SelenideElementProxy.invoke(SelenideElementProxy.java:84)\r\n\tat com.sun.proxy.$Proxy22.click(Unknown Source)\r\n\tat steps.LoginSteps.iFollowLoginLink(LoginSteps.java:24)\r\n\tat ✽.When I follow Login Link(AddAndDeleteOneBookTest.feature:6)\r\nCaused by: org.openqa.selenium.ElementClickInterceptedException: element click intercepted: Element <span class=\"text\">...</span> is not clickable at point (102, 232). Other element would receive the click: <div class=\"fc-dialog-overlay\"></div>\n  (Session info: chrome=120.0.6099.227)\nBuild info: version: '4.11.0', revision: '040bc5406b'\nSystem info: os.name: 'Windows 10', os.arch: 'amd64', os.version: '10.0', java.version: '11.0.20'\nDriver info: org.openqa.selenium.chrome.ChromeDriver\nCommand: [ebf1992a8a7e99b16b2f68d753a1d7aa, clickElement {id=8B3EB3A697192A365F58C78A01190D8F_element_9563}]\nCapabilities {acceptInsecureCerts: true, browserName: chrome, browserVersion: 120.0.6099.227, chrome: {chromedriverVersion: 120.0.6099.109 (3419140ab66..., userDataDir: C:\\Users\\IVANXO~1\\AppData\\L...}, fedcm:accounts: true, goog:chromeOptions: {debuggerAddress: localhost:58273}, networkConnectionEnabled: false, pageLoadStrategy: normal, platformName: windows, proxy: Proxy(), se:cdp: ws://localhost:58273/devtoo..., se:cdpVersion: 120.0.6099.227, setWindowRect: true, strictFileInteractability: false, timeouts: {implicit: 0, pageLoad: 300000, script: 30000}, unhandledPromptBehavior: accept, webauthn:extension:credBlob: true, webauthn:extension:largeBlob: true, webauthn:extension:minPinLength: true, webauthn:extension:prf: true, webauthn:virtualAuthenticators: true}\nElement: [[ChromeDriver: chrome on windows (ebf1992a8a7e99b16b2f68d753a1d7aa)] -> xpath: .//*/text()[normalize-space(translate(string(.), '\t\n\r ', '    ')) = \"Login\"]/parent::*]\nSession ID: ebf1992a8a7e99b16b2f68d753a1d7aa\r\n\tat java.base/jdk.internal.reflect.NativeConstructorAccessorImpl.newInstance0(Native Method)\r\n\tat java.base/jdk.internal.reflect.NativeConstructorAccessorImpl.newInstance(NativeConstructorAccessorImpl.java:62)\r\n\tat java.base/jdk.internal.reflect.DelegatingConstructorAccessorImpl.newInstance(DelegatingConstructorAccessorImpl.java:45)\r\n\tat java.base/java.lang.reflect.Constructor.newInstance(Constructor.java:490)\r\n\tat org.openqa.selenium.remote.codec.w3c.W3CHttpResponseCodec.createException(W3CHttpResponseCodec.java:200)\r\n\tat org.openqa.selenium.remote.codec.w3c.W3CHttpResponseCodec.decode(W3CHttpResponseCodec.java:133)\r\n\tat org.openqa.selenium.remote.codec.w3c.W3CHttpResponseCodec.decode(W3CHttpResponseCodec.java:52)\r\n\tat org.openqa.selenium.remote.HttpCommandExecutor.execute(HttpCommandExecutor.java:191)\r\n\tat org.openqa.selenium.remote.service.DriverCommandExecutor.invokeExecute(DriverCommandExecutor.java:196)\r\n\tat org.openqa.selenium.remote.service.DriverCommandExecutor.execute(DriverCommandExecutor.java:171)\r\n\tat org.openqa.selenium.remote.RemoteWebDriver.execute(RemoteWebDriver.java:518)\r\n\tat org.openqa.selenium.remote.RemoteWebElement.execute(RemoteWebElement.java:224)\r\n\tat org.openqa.selenium.remote.RemoteWebElement.click(RemoteWebElement.java:77)\r\n\tat com.codeborne.selenide.commands.Click.defaultClick(Click.java:97)\r\n\tat com.codeborne.selenide.commands.Click.click(Click.java:54)\r\n\tat com.codeborne.selenide.commands.Click.execute(Click.java:31)\r\n\tat com.codeborne.selenide.commands.Click.execute(Click.java:21)\r\n\tat com.codeborne.selenide.commands.Commands.execute(Commands.java:163)\r\n\tat com.codeborne.selenide.impl.SelenideElementProxy.dispatchAndRetry(SelenideElementProxy.java:132)\r\n\tat com.codeborne.selenide.impl.SelenideElementProxy.invoke(SelenideElementProxy.java:84)\r\n\tat com.sun.proxy.$Proxy22.click(Unknown Source)\r\n\tat steps.LoginSteps.iFollowLoginLink(LoginSteps.java:24)\r\n\tat java.base/jdk.internal.reflect.NativeMethodAccessorImpl.invoke0(Native Method)\r\n\tat java.base/jdk.internal.reflect.NativeMethodAccessorImpl.invoke(NativeMethodAccessorImpl.java:62)\r\n\tat java.base/jdk.internal.reflect.DelegatingMethodAccessorImpl.invoke(DelegatingMethodAccessorImpl.java:43)\r\n\tat java.base/java.lang.reflect.Method.invoke(Method.java:566)\r\n\tat cucumber.runtime.Utils$1.call(Utils.java:40)\r\n\tat cucumber.runtime.Timeout.timeout(Timeout.java:16)\r\n\tat cucumber.runtime.Utils.invoke(Utils.java:34)\r\n\tat cucumber.runtime.java.JavaStepDefinition.execute(JavaStepDefinition.java:38)\r\n\tat cucumber.runtime.StepDefinitionMatch.runStep(StepDefinitionMatch.java:37)\r\n\tat cucumber.runtime.Runtime.runStep(Runtime.java:300)\r\n\tat cucumber.runtime.model.StepContainer.runStep(StepContainer.java:44)\r\n\tat cucumber.runtime.model.StepContainer.runSteps(StepContainer.java:39)\r\n\tat cucumber.runtime.model.CucumberScenario.runBackground(CucumberScenario.java:59)\r\n\tat cucumber.runtime.model.CucumberScenario.run(CucumberScenario.java:42)\r\n\tat cucumber.runtime.junit.ExecutionUnitRunner.run(ExecutionUnitRunner.java:102)\r\n\tat cucumber.runtime.junit.FeatureRunner.runChild(FeatureRunner.java:63)\r\n\tat cucumber.runtime.junit.FeatureRunner.runChild(FeatureRunner.java:18)\r\n\tat org.junit.runners.ParentRunner$3.run(ParentRunner.java:290)\r\n\tat org.junit.runners.ParentRunner$1.schedule(ParentRunner.java:71)\r\n\tat org.junit.runners.ParentRunner.runChildren(ParentRunner.java:288)\r\n\tat org.junit.runners.ParentRunner.access$000(ParentRunner.java:58)\r\n\tat org.junit.runners.ParentRunner$2.evaluate(ParentRunner.java:268)\r\n\tat org.junit.runners.ParentRunner.run(ParentRunner.java:363)\r\n\tat cucumber.runtime.junit.FeatureRunner.run(FeatureRunner.java:70)\r\n\tat cucumber.api.junit.Cucumber.runChild(Cucumber.java:95)\r\n\tat cucumber.api.junit.Cucumber.runChild(Cucumber.java:38)\r\n\tat org.junit.runners.ParentRunner$3.run(ParentRunner.java:290)\r\n\tat org.junit.runners.ParentRunner$1.schedule(ParentRunner.java:71)\r\n\tat org.junit.runners.ParentRunner.runChildren(ParentRunner.java:288)\r\n\tat org.junit.runners.ParentRunner.access$000(ParentRunner.java:58)\r\n\tat org.junit.runners.ParentRunner$2.evaluate(ParentRunner.java:268)\r\n\tat org.junit.runners.ParentRunner.run(ParentRunner.java:363)\r\n\tat cucumber.api.junit.Cucumber.run(Cucumber.java:100)\r\n\tat org.junit.runner.JUnitCore.run(JUnitCore.java:137)\r\n\tat com.intellij.junit4.JUnit4IdeaTestRunner.startRunnerWithArgs(JUnit4IdeaTestRunner.java:69)\r\n\tat com.intellij.rt.junit.IdeaTestRunner$Repeater$1.execute(IdeaTestRunner.java:38)\r\n\tat com.intellij.rt.execution.junit.TestsRepeater.repeat(TestsRepeater.java:11)\r\n\tat com.intellij.rt.junit.IdeaTestRunner$Repeater.startRunnerWithArgs(IdeaTestRunner.java:35)\r\n\tat com.intellij.rt.junit.JUnitStarter.prepareStreamsAndStart(JUnitStarter.java:235)\r\n\tat com.intellij.rt.junit.JUnitStarter.main(JUnitStarter.java:54)\r\n"},"stage":"finished","steps":[{"name":"$(\"open\") https://demoqa.com/books","status":"passed","stage":"finished","steps":[{"name":"$(\"webdriver\") create()","status":"passed","stage":"finished","steps":[],"attachments":[],"parameters":[],"start":1706547970125,"stop":1706547972121}],"attachments":[],"parameters":[],"start":1706547970125,"stop":1706547974400},{"name":"Given  I open Book Store","status":"passed","stage":"finished","steps":[{"name":"$(\"open\") https://demoqa.com/books","status":"passed","stage":"finished","steps":[],"attachments":[],"parameters":[],"start":1706547974402,"stop":1706547975267}],"attachments":[],"parameters":[],"start":1706547974400,"stop":1706547975267},{"name":"When  I follow Login Link","status":"failed","stage":"finished","steps":[{"name":"$(\"by text: Login\") scroll to()","status":"passed","stage":"finished","steps":[],"attachments":[],"parameters":[],"start":1706547975268,"stop":1706547975582},{"name":"$(\"by text: Login\") should be(visible)","status":"passed","stage":"finished","steps":[],"attachments":[],"parameters":[],"start":1706547975582,"stop":1706547975711},{"name":"$(\"by text: Login\") click()","status":"failed","statusDetails":{"known":false,"muted":false,"flaky":false,"message":"Invalid element state [by text: Login]: element click intercepted: Element <span class=\"text\">...</span> is not clickable at point (102, 232). Other element would receive the click: <div class=\"fc-dialog-overlay\"></div>\r\nScreenshot: file:/C:/Users/Ivan%20Xor/Downloads/BookStoreUI_Cucumber-main/build/reports/tests/1706547980760.1.png\r\nPage source: file:/C:/Users/Ivan%20Xor/Downloads/BookStoreUI_Cucumber-main/build/reports/tests/1706547980760.1.html\r\nTimeout: 4 s.\r\nCaused by: ElementClickInterceptedException: element click intercepted: Element <span class=\"text\">...</span> is not clickable at point (102, 232). Other element would receive the click: <div class=\"fc-dialog-overlay\"></div>","trace":"Invalid element state [by text: Login]: element click intercepted: Element <span class=\"text\">...</span> is not clickable at point (102, 232). Other element would receive the click: <div class=\"fc-dialog-overlay\"></div>\r\nScreenshot: file:/C:/Users/Ivan%20Xor/Downloads/BookStoreUI_Cucumber-main/build/reports/tests/1706547980760.1.png\r\nPage source: file:/C:/Users/Ivan%20Xor/Downloads/BookStoreUI_Cucumber-main/build/reports/tests/1706547980760.1.html\r\nTimeout: 4 s.\r\nCaused by: ElementClickInterceptedException: element click intercepted: Element <span class=\"text\">...</span> is not clickable at point (102, 232). Other element would receive the click: <div class=\"fc-dialog-overlay\"></div>\r\n\tat com.codeborne.selenide.impl.ExceptionWrapper.wrap(ExceptionWrapper.java:26)\r\n\tat com.codeborne.selenide.impl.SelenideElementProxy.dispatchAndRetry(SelenideElementProxy.java:154)\r\n\tat com.codeborne.selenide.impl.SelenideElementProxy.invoke(SelenideElementProxy.java:84)\r\n\tat com.sun.proxy.$Proxy22.click(Unknown Source)\r\n\tat steps.LoginSteps.iFollowLoginLink(LoginSteps.java:24)\r\n\tat java.base/jdk.internal.reflect.NativeMethodAccessorImpl.invoke0(Native Method)\r\n\tat java.base/jdk.internal.reflect.NativeMethodAccessorImpl.invoke(NativeMethodAccessorImpl.java:62)\r\n\tat java.base/jdk.internal.reflect.DelegatingMethodAccessorImpl.invoke(DelegatingMethodAccessorImpl.java:43)\r\n\tat java.base/java.lang.reflect.Method.invoke(Method.java:566)\r\n\tat cucumber.runtime.Utils$1.call(Utils.java:40)\r\n\tat cucumber.runtime.Timeout.timeout(Timeout.java:16)\r\n\tat cucumber.runtime.Utils.invoke(Utils.java:34)\r\n\tat cucumber.runtime.java.JavaStepDefinition.execute(JavaStepDefinition.java:38)\r\n\tat cucumber.runtime.StepDefinitionMatch.runStep(StepDefinitionMatch.java:37)\r\n\tat cucumber.runtime.Runtime.runStep(Runtime.java:300)\r\n\tat cucumber.runtime.model.StepContainer.runStep(StepContainer.java:44)\r\n\tat cucumber.runtime.model.StepContainer.runSteps(StepContainer.java:39)\r\n\tat cucumber.runtime.model.CucumberScenario.runBackground(CucumberScenario.java:59)\r\n\tat cucumber.runtime.model.CucumberScenario.run(CucumberScenario.java:42)\r\n\tat cucumber.runtime.junit.ExecutionUnitRunner.run(ExecutionUnitRunner.java:102)\r\n\tat cucumber.runtime.junit.FeatureRunner.runChild(FeatureRunner.java:63)\r\n\tat cucumber.runtime.junit.FeatureRunner.runChild(FeatureRunner.java:18)\r\n\tat org.junit.runners.ParentRunner$3.run(ParentRunner.java:290)\r\n\tat org.junit.runners.ParentRunner$1.schedule(ParentRunner.java:71)\r\n\tat org.junit.runners.ParentRunner.runChildren(ParentRunner.java:288)\r\n\tat org.junit.runners.ParentRunner.access$000(ParentRunner.java:58)\r\n\tat org.junit.runners.ParentRunner$2.evaluate(ParentRunner.java:268)\r\n\tat org.junit.runners.ParentRunner.run(ParentRunner.java:363)\r\n\tat cucumber.runtime.junit.FeatureRunner.run(FeatureRunner.java:70)\r\n\tat cucumber.api.junit.Cucumber.runChild(Cucumber.java:95)\r\n\tat cucumber.api.junit.Cucumber.runChild(Cucumber.java:38)\r\n\tat org.junit.runners.ParentRunner$3.run(ParentRunner.java:290)\r\n\tat org.junit.runners.ParentRunner$1.schedule(ParentRunner.java:71)\r\n\tat org.junit.runners.ParentRunner.runChildren(ParentRunner.java:288)\r\n\tat org.junit.runners.ParentRunner.access$000(ParentRunner.java:58)\r\n\tat org.junit.runners.ParentRunner$2.evaluate(ParentRunner.java:268)\r\n\tat org.junit.runners.ParentRunner.run(ParentRunner.java:363)\r\n\tat cucumber.api.junit.Cucumber.run(Cucumber.java:100)\r\n\tat org.junit.runner.JUnitCore.run(JUnitCore.java:137)\r\n\tat com.intellij.junit4.JUnit4IdeaTestRunner.startRunnerWithArgs(JUnit4IdeaTestRunner.java:69)\r\n\tat com.intellij.rt.junit.IdeaTestRunner$Repeater$1.execute(IdeaTestRunner.java:38)\r\n\tat com.intellij.rt.execution.junit.TestsRepeater.repeat(TestsRepeater.java:11)\r\n\tat com.intellij.rt.junit.IdeaTestRunner$Repeater.startRunnerWithArgs(IdeaTestRunner.java:35)\r\n\tat com.intellij.rt.junit.JUnitStarter.prepareStreamsAndStart(JUnitStarter.java:235)\r\n\tat com.intellij.rt.junit.JUnitStarter.main(JUnitStarter.java:54)\r\nCaused by: org.openqa.selenium.ElementClickInterceptedException: element click intercepted: Element <span class=\"text\">...</span> is not clickable at point (102, 232). Other element would receive the click: <div class=\"fc-dialog-overlay\"></div>\n  (Session info: chrome=120.0.6099.227)\nBuild info: version: '4.11.0', revision: '040bc5406b'\nSystem info: os.name: 'Windows 10', os.arch: 'amd64', os.version: '10.0', java.version: '11.0.20'\nDriver info: org.openqa.selenium.chrome.ChromeDriver\nCommand: [ebf1992a8a7e99b16b2f68d753a1d7aa, clickElement {id=8B3EB3A697192A365F58C78A01190D8F_element_9563}]\nCapabilities {acceptInsecureCerts: true, browserName: chrome, browserVersion: 120.0.6099.227, chrome: {chromedriverVersion: 120.0.6099.109 (3419140ab66..., userDataDir: C:\\Users\\IVANXO~1\\AppData\\L...}, fedcm:accounts: true, goog:chromeOptions: {debuggerAddress: localhost:58273}, networkConnectionEnabled: false, pageLoadStrategy: normal, platformName: windows, proxy: Proxy(), se:cdp: ws://localhost:58273/devtoo..., se:cdpVersion: 120.0.6099.227, setWindowRect: true, strictFileInteractability: false, timeouts: {implicit: 0, pageLoad: 300000, script: 30000}, unhandledPromptBehavior: accept, webauthn:extension:credBlob: true, webauthn:extension:largeBlob: true, webauthn:extension:minPinLength: true, webauthn:extension:prf: true, webauthn:virtualAuthenticators: true}\nElement: [[ChromeDriver: chrome on windows (ebf1992a8a7e99b16b2f68d753a1d7aa)] -> xpath: .//*/text()[normalize-space(translate(string(.), '\t\n\r ', '    ')) = \"Login\"]/parent::*]\nSession ID: ebf1992a8a7e99b16b2f68d753a1d7aa\r\n\tat java.base/jdk.internal.reflect.NativeConstructorAccessorImpl.newInstance0(Native Method)\r\n\tat java.base/jdk.internal.reflect.NativeConstructorAccessorImpl.newInstance(NativeConstructorAccessorImpl.java:62)\r\n\tat java.base/jdk.internal.reflect.DelegatingConstructorAccessorImpl.newInstance(DelegatingConstructorAccessorImpl.java:45)\r\n\tat java.base/java.lang.reflect.Constructor.newInstance(Constructor.java:490)\r\n\tat org.openqa.selenium.remote.codec.w3c.W3CHttpResponseCodec.createException(W3CHttpResponseCodec.java:200)\r\n\tat org.openqa.selenium.remote.codec.w3c.W3CHttpResponseCodec.decode(W3CHttpResponseCodec.java:133)\r\n\tat org.openqa.selenium.remote.codec.w3c.W3CHttpResponseCodec.decode(W3CHttpResponseCodec.java:52)\r\n\tat org.openqa.selenium.remote.HttpCommandExecutor.execute(HttpCommandExecutor.java:191)\r\n\tat org.openqa.selenium.remote.service.DriverCommandExecutor.invokeExecute(DriverCommandExecutor.java:196)\r\n\tat org.openqa.selenium.remote.service.DriverCommandExecutor.execute(DriverCommandExecutor.java:171)\r\n\tat org.openqa.selenium.remote.RemoteWebDriver.execute(RemoteWebDriver.java:518)\r\n\tat org.openqa.selenium.remote.RemoteWebElement.execute(RemoteWebElement.java:224)\r\n\tat org.openqa.selenium.remote.RemoteWebElement.click(RemoteWebElement.java:77)\r\n\tat com.codeborne.selenide.commands.Click.defaultClick(Click.java:97)\r\n\tat com.codeborne.selenide.commands.Click.click(Click.java:54)\r\n\tat com.codeborne.selenide.commands.Click.execute(Click.java:31)\r\n\tat com.codeborne.selenide.commands.Click.execute(Click.java:21)\r\n\tat com.codeborne.selenide.commands.Commands.execute(Commands.java:163)\r\n\tat com.codeborne.selenide.impl.SelenideElementProxy.dispatchAndRetry(SelenideElementProxy.java:132)\r\n\t... 43 more\r\n"},"stage":"finished","steps":[],"attachments":[{"name":"Screenshot","source":"5c6d8eef-0ec0-47d3-b464-2ee0f9e7aacc-attachment.png","type":"image/png"},{"name":"Page source","source":"8f0bbcc8-ae73-449a-be38-e9e78c669cc5-attachment.html","type":"text/html"}],"parameters":[],"start":1706547975711,"stop":1706547981303}],"attachments":[],"parameters":[],"start":1706547975267,"stop":1706547981345},{"name":"And  I input \"Ronny\" to userName field","status":"skipped","stage":"finished","steps":[],"attachments":[],"parameters":[],"start":1706547981346,"stop":1706547981348},{"name":"And  I input \"123Ron321&\" to password field","status":"skipped","stage":"finished","steps":[],"attachments":[],"parameters":[],"start":1706547981349,"stop":1706547981350},{"name":"When  I click the Login button","status":"skipped","stage":"finished","steps":[],"attachments":[],"parameters":[],"start":1706547981350,"stop":1706547981351},{"name":"Then  I am on the Profile page","status":"skipped","stage":"finished","steps":[],"attachments":[],"parameters":[],"start":1706547981351,"stop":1706547981352},{"name":"And  I see the Profile Book Catalog empty","status":"skipped","stage":"finished","steps":[],"attachments":[],"parameters":[],"start":1706547981352,"stop":1706547981369},{"name":"When  I follow the Book Store Link","status":"skipped","stage":"finished","steps":[],"attachments":[],"parameters":[],"start":1706547981375,"stop":1706547981376},{"name":"Then  I am on the Book Store Page","status":"skipped","stage":"finished","steps":[],"attachments":[],"parameters":[],"start":1706547981377,"stop":1706547981380},{"name":"When  I click the \"Learning JavaScript Design Patterns\" Title Link","status":"skipped","stage":"finished","steps":[],"attachments":[],"parameters":[],"start":1706547981380,"stop":1706547981380},{"name":"Then  I am on the Profile Book Detailed Information Page","status":"skipped","stage":"finished","steps":[],"attachments":[],"parameters":[],"start":1706547981381,"stop":1706547981381},{"name":"And  I see the detailed information about \"Learning JavaScript Design Patterns\" book","status":"skipped","stage":"finished","steps":[],"attachments":[],"parameters":[],"start":1706547981382,"stop":1706547981382},{"name":"When  I click the Add To Your Collection button","status":"skipped","stage":"finished","steps":[],"attachments":[],"parameters":[],"start":1706547981382,"stop":1706547981385},{"name":"And  I confirm the alert message","status":"skipped","stage":"finished","steps":[],"attachments":[],"parameters":[],"start":1706547981387,"stop":1706547981389},{"name":"And  I follow the Profile link on the Sidebar","status":"skipped","stage":"finished","steps":[],"attachments":[],"parameters":[],"start":1706547981389,"stop":1706547981390},{"name":"Then  I see the \"Learning JavaScript Design Patterns\" book in User`s collection","status":"skipped","stage":"finished","steps":[],"attachments":[],"parameters":[],"start":1706547981398,"stop":1706547981400},{"name":"And  I see that the book is only one in User`s collection","status":"skipped","stage":"finished","steps":[],"attachments":[],"parameters":[],"start":1706547981400,"stop":1706547981400},{"name":"When  I click delete book icon","status":"skipped","stage":"finished","steps":[],"attachments":[],"parameters":[],"start":1706547981401,"stop":1706547981401},{"name":"And  I confirm the alert delete message","status":"skipped","stage":"finished","steps":[],"attachments":[],"parameters":[],"start":1706547981401,"stop":1706547981402},{"name":"Then  I see the Profile Book Catalog empty","status":"skipped","stage":"finished","steps":[],"attachments":[],"parameters":[],"start":1706547981403,"stop":1706547981405},{"name":"$(\"webdriver\") close()","status":"passed","stage":"finished","steps":[],"attachments":[],"parameters":[],"start":1706547981405,"stop":1706547981755}],"attachments":[],"parameters":[],"start":1706547970122,"stop":1706547981755,"uuid":"0ab26fb8-a844-443f-9f03-f4e41338e4b2","historyId":"a50f99f6dd8884096a78ac030fedbee4","fullName":"Add and delete one book: Add one book to the User`s Profile","labels":[{"name":"feature","value":"Add and delete one book"},{"name":"story","value":"Add one book to the User`s Profile"},{"name":"tag","value":"add_oneBook"},{"name":"tag","value":"addAndDeleteOneBooks"},{"name":"host","value":"DESKTOP-SP7CIVJ"},{"name":"thread","value":"2764@DESKTOP-SP7CIVJ.main(1)"},{"name":"package","value":"Add and delete one book"},{"name":"suite","value":"Add and delete one book"},{"name":"testClass","value":"Add one book to the User`s Profile"},{"name":"framework","value":"cucumberjvm"},{"name":"language","value":"java"}],"links":[]}