{"name":"Add one book to the User`s Profile","status":"failed","statusDetails":{"known":false,"muted":false,"flaky":false,"message":"Alert not found\r\nScreenshot: file:/C:/Users/alexd/Projetos/BookStore_Cucumber/build/reports/tests/1702126391489.0.png\r\nPage source: file:/C:/Users/alexd/Projetos/BookStore_Cucumber/build/reports/tests/1702126391489.0.html\r\nTimeout: 4 s.\r\nCaused by: TimeoutException: Expected condition failed: waiting for alert to be present (tried for 4 second(s) with 200 milliseconds interval)","trace":"Alert not found\r\nScreenshot: file:/C:/Users/alexd/Projetos/BookStore_Cucumber/build/reports/tests/1702126391489.0.png\r\nPage source: file:/C:/Users/alexd/Projetos/BookStore_Cucumber/build/reports/tests/1702126391489.0.html\r\nTimeout: 4 s.\r\nCaused by: TimeoutException: Expected condition failed: waiting for alert to be present (tried for 4 second(s) with 200 milliseconds interval)\r\n\tat com.codeborne.selenide.SelenideTargetLocator.alertNotFoundError(SelenideTargetLocator.java:310)\r\n\tat com.codeborne.selenide.SelenideTargetLocator.alert(SelenideTargetLocator.java:185)\r\n\tat com.codeborne.selenide.Modal.lambda$confirm$0(Modal.java:29)\r\n\tat com.codeborne.selenide.logevents.SelenideLogger.wrap(SelenideLogger.java:133)\r\n\tat com.codeborne.selenide.logevents.SelenideLogger.get(SelenideLogger.java:113)\r\n\tat com.codeborne.selenide.Modal.confirm(Modal.java:28)\r\n\tat com.codeborne.selenide.Selenide.confirm(Selenide.java:626)\r\n\tat com.codeborne.selenide.Selenide.confirm(Selenide.java:601)\r\n\tat steps.DetailedInformation.iConfirmTheAlertMessage(DetailedInformation.java:33)\r\n\tat âœ½.And I confirm the alert message(AddAndDeleteAllBooks.feature:21)\r\nCaused by: org.openqa.selenium.TimeoutException: Expected condition failed: waiting for alert to be present (tried for 4 second(s) with 200 milliseconds interval)\nBuild info: version: '4.11.0', revision: '040bc5406b'\nSystem info: os.name: 'Windows 11', os.arch: 'amd64', os.version: '10.0', java.version: '11.0.20'\nDriver info: driver.version: unknown\r\n\tat org.openqa.selenium.support.ui.FluentWait.timeoutException(FluentWait.java:262)\r\n\tat org.openqa.selenium.support.ui.FluentWait.until(FluentWait.java:230)\r\n\tat com.codeborne.selenide.SelenideTargetLocator.alert(SelenideTargetLocator.java:182)\r\n\tat com.codeborne.selenide.Modal.lambda$confirm$0(Modal.java:29)\r\n\tat com.codeborne.selenide.logevents.SelenideLogger.wrap(SelenideLogger.java:133)\r\n\tat com.codeborne.selenide.logevents.SelenideLogger.get(SelenideLogger.java:113)\r\n\tat com.codeborne.selenide.Modal.confirm(Modal.java:28)\r\n\tat com.codeborne.selenide.Selenide.confirm(Selenide.java:626)\r\n\tat com.codeborne.selenide.Selenide.confirm(Selenide.java:601)\r\n\tat steps.DetailedInformation.iConfirmTheAlertMessage(DetailedInformation.java:33)\r\n\tat java.base/jdk.internal.reflect.NativeMethodAccessorImpl.invoke0(Native Method)\r\n\tat java.base/jdk.internal.reflect.NativeMethodAccessorImpl.invoke(NativeMethodAccessorImpl.java:62)\r\n\tat java.base/jdk.internal.reflect.DelegatingMethodAccessorImpl.invoke(DelegatingMethodAccessorImpl.java:43)\r\n\tat java.base/java.lang.reflect.Method.invoke(Method.java:566)\r\n\tat cucumber.runtime.Utils$1.call(Utils.java:40)\r\n\tat cucumber.runtime.Timeout.timeout(Timeout.java:16)\r\n\tat cucumber.runtime.Utils.invoke(Utils.java:34)\r\n\tat cucumber.runtime.java.JavaStepDefinition.execute(JavaStepDefinition.java:38)\r\n\tat cucumber.runtime.StepDefinitionMatch.runStep(StepDefinitionMatch.java:37)\r\n\tat cucumber.runtime.Runtime.runStep(Runtime.java:300)\r\n\tat cucumber.runtime.model.StepContainer.runStep(StepContainer.java:44)\r\n\tat cucumber.runtime.model.StepContainer.runSteps(StepContainer.java:39)\r\n\tat cucumber.runtime.model.CucumberScenario.run(CucumberScenario.java:44)\r\n\tat cucumber.runtime.junit.ExecutionUnitRunner.run(ExecutionUnitRunner.java:102)\r\n\tat cucumber.runtime.junit.FeatureRunner.runChild(FeatureRunner.java:63)\r\n\tat cucumber.runtime.junit.FeatureRunner.runChild(FeatureRunner.java:18)\r\n\tat org.junit.runners.ParentRunner$3.run(ParentRunner.java:290)\r\n\tat org.junit.runners.ParentRunner$1.schedule(ParentRunner.java:71)\r\n\tat org.junit.runners.ParentRunner.runChildren(ParentRunner.java:288)\r\n\tat org.junit.runners.ParentRunner.access$000(ParentRunner.java:58)\r\n\tat org.junit.runners.ParentRunner$2.evaluate(ParentRunner.java:268)\r\n\tat org.junit.runners.ParentRunner.run(ParentRunner.java:363)\r\n\tat cucumber.runtime.junit.FeatureRunner.run(FeatureRunner.java:70)\r\n\tat cucumber.api.junit.Cucumber.runChild(Cucumber.java:95)\r\n\tat cucumber.api.junit.Cucumber.runChild(Cucumber.java:38)\r\n\tat org.junit.runners.ParentRunner$3.run(ParentRunner.java:290)\r\n\tat org.junit.runners.ParentRunner$1.schedule(ParentRunner.java:71)\r\n\tat org.junit.runners.ParentRunner.runChildren(ParentRunner.java:288)\r\n\tat org.junit.runners.ParentRunner.access$000(ParentRunner.java:58)\r\n\tat org.junit.runners.ParentRunner$2.evaluate(ParentRunner.java:268)\r\n\tat org.junit.runners.ParentRunner.run(ParentRunner.java:363)\r\n\tat cucumber.api.junit.Cucumber.run(Cucumber.java:100)\r\n\tat org.junit.runner.JUnitCore.run(JUnitCore.java:137)\r\n\tat com.intellij.junit4.JUnit4IdeaTestRunner.startRunnerWithArgs(JUnit4IdeaTestRunner.java:69)\r\n\tat com.intellij.rt.junit.IdeaTestRunner$Repeater$1.execute(IdeaTestRunner.java:38)\r\n\tat com.intellij.rt.execution.junit.TestsRepeater.repeat(TestsRepeater.java:11)\r\n\tat com.intellij.rt.junit.IdeaTestRunner$Repeater.startRunnerWithArgs(IdeaTestRunner.java:35)\r\n\tat com.intellij.rt.junit.JUnitStarter.prepareStreamsAndStart(JUnitStarter.java:235)\r\n\tat com.intellij.rt.junit.JUnitStarter.main(JUnitStarter.java:54)\r\n"},"stage":"finished","steps":[{"name":"$(\"open\") https://demoqa.com/books","status":"passed","stage":"finished","steps":[{"name":"$(\"webdriver\") create()","status":"passed","stage":"finished","steps":[],"attachments":[],"parameters":[],"start":1702126291238,"stop":1702126301495}],"attachments":[],"parameters":[],"start":1702126291223,"stop":1702126315044},{"name":"Given  I open Book Store","status":"passed","stage":"finished","steps":[{"name":"$(\"open\") https://demoqa.com/books","status":"passed","stage":"finished","steps":[],"attachments":[],"parameters":[],"start":1702126315821,"stop":1702126316938}],"attachments":[],"parameters":[],"start":1702126315047,"stop":1702126316944},{"name":"When  I follow Login Link","status":"passed","stage":"finished","steps":[{"name":"$(\"by text: Login\") scroll to()","status":"passed","stage":"finished","steps":[],"attachments":[],"parameters":[],"start":1702126316948,"stop":1702126317896},{"name":"$(\"by text: Login\") should be(visible)","status":"passed","stage":"finished","steps":[],"attachments":[],"parameters":[],"start":1702126317901,"stop":1702126318011},{"name":"$(\"by text: Login\") click()","status":"passed","stage":"finished","steps":[],"attachments":[],"parameters":[],"start":1702126318011,"stop":1702126318571}],"attachments":[],"parameters":[],"start":1702126316944,"stop":1702126318572},{"name":"And  I input \"Ronny\" to userName field","status":"passed","stage":"finished","steps":[{"name":"$(\"By.id: userName\") should be(visible)","status":"passed","stage":"finished","steps":[],"attachments":[],"parameters":[],"start":1702126318586,"stop":1702126318774},{"name":"$(\"By.id: userName\") set value(Ronny)","status":"passed","stage":"finished","steps":[],"attachments":[],"parameters":[],"start":1702126318775,"stop":1702126319247}],"attachments":[],"parameters":[],"start":1702126318574,"stop":1702126319249},{"name":"And  I input \"123Ron321&\" to password field","status":"passed","stage":"finished","steps":[{"name":"$(\"By.id: password\") should be(visible)","status":"passed","stage":"finished","steps":[],"attachments":[],"parameters":[],"start":1702126319250,"stop":1702126319310},{"name":"$(\"By.id: password\") set value(123Ron321&)","status":"passed","stage":"finished","steps":[],"attachments":[],"parameters":[],"start":1702126319310,"stop":1702126319520}],"attachments":[],"parameters":[],"start":1702126319249,"stop":1702126319521},{"name":"When  I click the Login button","status":"passed","stage":"finished","steps":[{"name":"$(\"[class='btn btn-primary']\") scroll into view(true)","status":"passed","stage":"finished","steps":[],"attachments":[],"parameters":[],"start":1702126319521,"stop":1702126319562},{"name":"$(\"[class='btn btn-primary']\") should be(visible)","status":"passed","stage":"finished","steps":[],"attachments":[],"parameters":[],"start":1702126319563,"stop":1702126319601},{"name":"$(\"[class='btn btn-primary']\") click()","status":"passed","stage":"finished","steps":[],"attachments":[],"parameters":[],"start":1702126319601,"stop":1702126319719}],"attachments":[],"parameters":[],"start":1702126319521,"stop":1702126319721},{"name":"Then  I am on the Profile page","status":"passed","stage":"finished","steps":[{"name":"$(\"By.xpath: //div[text() ='Action']\") should be(visible)","status":"passed","stage":"finished","steps":[],"attachments":[],"parameters":[],"start":1702126319721,"stop":1702126320679},{"name":"$(\"[class ='rt-tr-group'].snapshot(5 elements)[0]\") should be(visible)","status":"passed","stage":"finished","steps":[],"attachments":[],"parameters":[],"start":1702126320784,"stop":1702126320819},{"name":"$(\"[class ='rt-tr-group'].snapshot(5 elements)[1]\") should be(visible)","status":"passed","stage":"finished","steps":[],"attachments":[],"parameters":[],"start":1702126320819,"stop":1702126320834},{"name":"$(\"[class ='rt-tr-group'].snapshot(5 elements)[2]\") should be(visible)","status":"passed","stage":"finished","steps":[],"attachments":[],"parameters":[],"start":1702126320834,"stop":1702126320851},{"name":"$(\"[class ='rt-tr-group'].snapshot(5 elements)[3]\") should be(visible)","status":"passed","stage":"finished","steps":[],"attachments":[],"parameters":[],"start":1702126320851,"stop":1702126320866},{"name":"$(\"[class ='rt-tr-group'].snapshot(5 elements)[4]\") should be(visible)","status":"passed","stage":"finished","steps":[],"attachments":[],"parameters":[],"start":1702126320866,"stop":1702126320892}],"attachments":[],"parameters":[],"start":1702126319721,"stop":1702126320892},{"name":"And  I see the Profile Book Catalog empty","status":"passed","stage":"finished","steps":[{"name":"$(\"[class ='rt-tr-group'].filter(not empty: attribute value=\"\" and exact text \"\")\") should have(size(0))","status":"passed","stage":"finished","steps":[],"attachments":[],"parameters":[],"start":1702126320924,"stop":1702126321140}],"attachments":[],"parameters":[],"start":1702126320892,"stop":1702126321141},{"name":"When  I follow the Book Store Link","status":"passed","stage":"finished","steps":[{"name":"$(\"By.xpath: //*[text()='Book Store']\") scroll into view(true)","status":"passed","stage":"finished","steps":[],"attachments":[],"parameters":[],"start":1702126321152,"stop":1702126321183},{"name":"$(\"By.xpath: //*[text()='Book Store']\") should be(visible)","status":"passed","stage":"finished","steps":[],"attachments":[],"parameters":[],"start":1702126321183,"stop":1702126321249},{"name":"$(\"By.xpath: //*[text()='Book Store']\") click()","status":"passed","stage":"finished","steps":[],"attachments":[],"parameters":[],"start":1702126321249,"stop":1702126321338}],"attachments":[],"parameters":[],"start":1702126321152,"stop":1702126321339},{"name":"Then  I am on the Book Store Page","status":"passed","stage":"finished","steps":[{"name":"$(\"[class='main-header']\") should be(visible)","status":"passed","stage":"finished","steps":[],"attachments":[],"parameters":[],"start":1702126321343,"stop":1702126321490},{"name":"$(\"[class='main-header']\") should have(text \"Book Store\")","status":"passed","stage":"finished","steps":[],"attachments":[],"parameters":[],"start":1702126321491,"stop":1702126321600}],"attachments":[],"parameters":[],"start":1702126321340,"stop":1702126321601},{"name":"When  I click the \"Git Pocket Guide\" Title Link","status":"passed","stage":"finished","steps":[{"name":"$(\"By.xpath: //*[text()='Git Pocket Guide']\") scroll to()","status":"passed","stage":"finished","steps":[],"attachments":[],"parameters":[],"start":1702126321603,"stop":1702126321717},{"name":"$(\"By.xpath: //*[text()='Git Pocket Guide']\") should be(visible)","status":"passed","stage":"finished","steps":[],"attachments":[],"parameters":[],"start":1702126321717,"stop":1702126321776},{"name":"$(\"By.xpath: //*[text()='Git Pocket Guide']\") click()","status":"passed","stage":"finished","steps":[],"attachments":[],"parameters":[],"start":1702126321776,"stop":1702126322874}],"attachments":[],"parameters":[],"start":1702126321602,"stop":1702126322875},{"name":"Then  I am on the Profile Book Detailed Information Page","status":"passed","stage":"finished","steps":[{"name":"$(\"by text: Add To Your Collection\") scroll into view(true)","status":"passed","stage":"finished","steps":[],"attachments":[],"parameters":[],"start":1702126322875,"stop":1702126322918},{"name":"$(\"by text: Add To Your Collection\") should be(visible)","status":"passed","stage":"finished","steps":[],"attachments":[],"parameters":[],"start":1702126322918,"stop":1702126322964}],"attachments":[],"parameters":[],"start":1702126322875,"stop":1702126322966},{"name":"And  I see the detailed information about \"Git Pocket Guide\" book","status":"passed","stage":"finished","steps":[{"name":"$(\"By.xpath: //*[text()='Git Pocket Guide']\") should be(visible)","status":"passed","stage":"finished","steps":[],"attachments":[],"parameters":[],"start":1702126322967,"stop":1702126323020}],"attachments":[],"parameters":[],"start":1702126322966,"stop":1702126323020},{"name":"When  I click the Add To Your Collection button","status":"passed","stage":"finished","steps":[{"name":"$(\"by text: Add To Your Collection\") scroll into view(true)","status":"passed","stage":"finished","steps":[],"attachments":[],"parameters":[],"start":1702126323021,"stop":1702126323041},{"name":"$(\"by text: Add To Your Collection\") should be(visible)","status":"passed","stage":"finished","steps":[],"attachments":[],"parameters":[],"start":1702126323041,"stop":1702126323086},{"name":"$(\"by text: Add To Your Collection\") click()","status":"passed","stage":"finished","steps":[],"attachments":[],"parameters":[],"start":1702126323087,"stop":1702126323364}],"attachments":[],"parameters":[],"start":1702126323021,"stop":1702126323364},{"name":"And  I confirm the alert message","status":"failed","stage":"finished","steps":[{"name":"$(\"By.id: closeSmallModal-ok\") is displayed()","status":"passed","stage":"finished","steps":[],"attachments":[],"parameters":[],"start":1702126323365,"stop":1702126387441},{"name":"$(\"modal()\") confirm()","status":"failed","statusDetails":{"known":false,"muted":false,"flaky":false,"message":"Alert not found\r\nScreenshot: file:/C:/Users/alexd/Projetos/BookStore_Cucumber/build/reports/tests/1702126391489.0.png\r\nPage source: file:/C:/Users/alexd/Projetos/BookStore_Cucumber/build/reports/tests/1702126391489.0.html\r\nTimeout: 4 s.\r\nCaused by: TimeoutException: Expected condition failed: waiting for alert to be present (tried for 4 second(s) with 200 milliseconds interval)","trace":"Alert not found\r\nScreenshot: file:/C:/Users/alexd/Projetos/BookStore_Cucumber/build/reports/tests/1702126391489.0.png\r\nPage source: file:/C:/Users/alexd/Projetos/BookStore_Cucumber/build/reports/tests/1702126391489.0.html\r\nTimeout: 4 s.\r\nCaused by: TimeoutException: Expected condition failed: waiting for alert to be present (tried for 4 second(s) with 200 milliseconds interval)\r\n\tat com.codeborne.selenide.SelenideTargetLocator.alertNotFoundError(SelenideTargetLocator.java:310)\r\n\tat com.codeborne.selenide.SelenideTargetLocator.alert(SelenideTargetLocator.java:185)\r\n\tat com.codeborne.selenide.Modal.lambda$confirm$0(Modal.java:29)\r\n\tat com.codeborne.selenide.logevents.SelenideLogger.wrap(SelenideLogger.java:133)\r\n\tat com.codeborne.selenide.logevents.SelenideLogger.get(SelenideLogger.java:113)\r\n\tat com.codeborne.selenide.Modal.confirm(Modal.java:28)\r\n\tat com.codeborne.selenide.Selenide.confirm(Selenide.java:626)\r\n\tat com.codeborne.selenide.Selenide.confirm(Selenide.java:601)\r\n\tat steps.DetailedInformation.iConfirmTheAlertMessage(DetailedInformation.java:33)\r\n\tat java.base/jdk.internal.reflect.NativeMethodAccessorImpl.invoke0(Native Method)\r\n\tat java.base/jdk.internal.reflect.NativeMethodAccessorImpl.invoke(NativeMethodAccessorImpl.java:62)\r\n\tat java.base/jdk.internal.reflect.DelegatingMethodAccessorImpl.invoke(DelegatingMethodAccessorImpl.java:43)\r\n\tat java.base/java.lang.reflect.Method.invoke(Method.java:566)\r\n\tat cucumber.runtime.Utils$1.call(Utils.java:40)\r\n\tat cucumber.runtime.Timeout.timeout(Timeout.java:16)\r\n\tat cucumber.runtime.Utils.invoke(Utils.java:34)\r\n\tat cucumber.runtime.java.JavaStepDefinition.execute(JavaStepDefinition.java:38)\r\n\tat cucumber.runtime.StepDefinitionMatch.runStep(StepDefinitionMatch.java:37)\r\n\tat cucumber.runtime.Runtime.runStep(Runtime.java:300)\r\n\tat cucumber.runtime.model.StepContainer.runStep(StepContainer.java:44)\r\n\tat cucumber.runtime.model.StepContainer.runSteps(StepContainer.java:39)\r\n\tat cucumber.runtime.model.CucumberScenario.run(CucumberScenario.java:44)\r\n\tat cucumber.runtime.junit.ExecutionUnitRunner.run(ExecutionUnitRunner.java:102)\r\n\tat cucumber.runtime.junit.FeatureRunner.runChild(FeatureRunner.java:63)\r\n\tat cucumber.runtime.junit.FeatureRunner.runChild(FeatureRunner.java:18)\r\n\tat org.junit.runners.ParentRunner$3.run(ParentRunner.java:290)\r\n\tat org.junit.runners.ParentRunner$1.schedule(ParentRunner.java:71)\r\n\tat org.junit.runners.ParentRunner.runChildren(ParentRunner.java:288)\r\n\tat org.junit.runners.ParentRunner.access$000(ParentRunner.java:58)\r\n\tat org.junit.runners.ParentRunner$2.evaluate(ParentRunner.java:268)\r\n\tat org.junit.runners.ParentRunner.run(ParentRunner.java:363)\r\n\tat cucumber.runtime.junit.FeatureRunner.run(FeatureRunner.java:70)\r\n\tat cucumber.api.junit.Cucumber.runChild(Cucumber.java:95)\r\n\tat cucumber.api.junit.Cucumber.runChild(Cucumber.java:38)\r\n\tat org.junit.runners.ParentRunner$3.run(ParentRunner.java:290)\r\n\tat org.junit.runners.ParentRunner$1.schedule(ParentRunner.java:71)\r\n\tat org.junit.runners.ParentRunner.runChildren(ParentRunner.java:288)\r\n\tat org.junit.runners.ParentRunner.access$000(ParentRunner.java:58)\r\n\tat org.junit.runners.ParentRunner$2.evaluate(ParentRunner.java:268)\r\n\tat org.junit.runners.ParentRunner.run(ParentRunner.java:363)\r\n\tat cucumber.api.junit.Cucumber.run(Cucumber.java:100)\r\n\tat org.junit.runner.JUnitCore.run(JUnitCore.java:137)\r\n\tat com.intellij.junit4.JUnit4IdeaTestRunner.startRunnerWithArgs(JUnit4IdeaTestRunner.java:69)\r\n\tat com.intellij.rt.junit.IdeaTestRunner$Repeater$1.execute(IdeaTestRunner.java:38)\r\n\tat com.intellij.rt.execution.junit.TestsRepeater.repeat(TestsRepeater.java:11)\r\n\tat com.intellij.rt.junit.IdeaTestRunner$Repeater.startRunnerWithArgs(IdeaTestRunner.java:35)\r\n\tat com.intellij.rt.junit.JUnitStarter.prepareStreamsAndStart(JUnitStarter.java:235)\r\n\tat com.intellij.rt.junit.JUnitStarter.main(JUnitStarter.java:54)\r\nCaused by: org.openqa.selenium.TimeoutException: Expected condition failed: waiting for alert to be present (tried for 4 second(s) with 200 milliseconds interval)\nBuild info: version: '4.11.0', revision: '040bc5406b'\nSystem info: os.name: 'Windows 11', os.arch: 'amd64', os.version: '10.0', java.version: '11.0.20'\nDriver info: driver.version: unknown\r\n\tat org.openqa.selenium.support.ui.FluentWait.timeoutException(FluentWait.java:262)\r\n\tat org.openqa.selenium.support.ui.FluentWait.until(FluentWait.java:230)\r\n\tat com.codeborne.selenide.SelenideTargetLocator.alert(SelenideTargetLocator.java:182)\r\n\t... 46 more\r\n"},"stage":"finished","steps":[],"attachments":[{"name":"Screenshot","source":"c8f33bf1-5750-4e60-8638-943930a620af-attachment.png","type":"image/png"},{"name":"Page source","source":"6789b112-0710-46bc-85ef-9e7c190b1226-attachment.html","type":"text/html"}],"parameters":[],"start":1702126387448,"stop":1702126392534}],"attachments":[],"parameters":[],"start":1702126323365,"stop":1702126392593},{"name":"And  I click Back To Book Store button","status":"skipped","stage":"finished","steps":[],"attachments":[],"parameters":[],"start":1702126392594,"stop":1702126392604},{"name":"Then  I am on the Book Store Page","status":"skipped","stage":"finished","steps":[],"attachments":[],"parameters":[],"start":1702126392632,"stop":1702126392656},{"name":"When  I click the \"Designing Evolvable Web APIs with ASP.NET\" Title Link","status":"skipped","stage":"finished","steps":[],"attachments":[],"parameters":[],"start":1702126392656,"stop":1702126392657},{"name":"Then  I am on the Profile Book Detailed Information Page","status":"skipped","stage":"finished","steps":[],"attachments":[],"parameters":[],"start":1702126392658,"stop":1702126392659},{"name":"And  I see the detailed information about \"Designing Evolvable Web APIs with ASP.NET\" book","status":"skipped","stage":"finished","steps":[],"attachments":[],"parameters":[],"start":1702126392660,"stop":1702126392661},{"name":"When  I click the Add To Your Collection button","status":"skipped","stage":"finished","steps":[],"attachments":[],"parameters":[],"start":1702126392662,"stop":1702126392663},{"name":"And  I confirm the alert message","status":"skipped","stage":"finished","steps":[],"attachments":[],"parameters":[],"start":1702126392664,"stop":1702126392666},{"name":"And  I follow the Profile link on the Sidebar","status":"skipped","stage":"finished","steps":[],"attachments":[],"parameters":[],"start":1702126392667,"stop":1702126392668},{"name":"Then  I see the \"Git Pocket Guide\" book in User`s collection","status":"skipped","stage":"finished","steps":[],"attachments":[],"parameters":[],"start":1702126392669,"stop":1702126392670},{"name":"And  I see the \"Designing Evolvable Web APIs with ASP.NET\" book in User`s collection","status":"skipped","stage":"finished","steps":[],"attachments":[],"parameters":[],"start":1702126392671,"stop":1702126392681},{"name":"And  I see that there are only two books in User`s collection","status":"skipped","stage":"finished","steps":[],"attachments":[],"parameters":[],"start":1702126392682,"stop":1702126392685},{"name":"When  I click Delete All Books button","status":"skipped","stage":"finished","steps":[],"attachments":[],"parameters":[],"start":1702126392685,"stop":1702126392686},{"name":"And  I confirm the alert delete message","status":"skipped","stage":"finished","steps":[],"attachments":[],"parameters":[],"start":1702126392687,"stop":1702126392687},{"name":"Then  I see the Profile Book Catalog empty","status":"skipped","stage":"finished","steps":[],"attachments":[],"parameters":[],"start":1702126392687,"stop":1702126392689},{"name":"$(\"webdriver\") close()","status":"passed","stage":"finished","steps":[],"attachments":[],"parameters":[],"start":1702126392694,"stop":1702126393454}],"attachments":[],"parameters":[],"start":1702126290860,"stop":1702126393456,"uuid":"58aa2c4b-966c-481b-a60d-96c95a9548e9","historyId":"c298ce9a79b3ec3db80262cbbd0a62a1","fullName":"Add and delete all books: Add one book to the User`s Profile","labels":[{"name":"feature","value":"Add and delete all books"},{"name":"story","value":"Add one book to the User`s Profile"},{"name":"tag","value":"add_delete_allBooks"},{"name":"tag","value":"addDeleteAllBooks"},{"name":"host","value":"DESKTOP-TFD6REL"},{"name":"thread","value":"26180@DESKTOP-TFD6REL.main(1)"},{"name":"package","value":"Add and delete all books"},{"name":"suite","value":"Add and delete all books"},{"name":"testClass","value":"Add one book to the User`s Profile"},{"name":"framework","value":"cucumberjvm"},{"name":"language","value":"java"}],"links":[]}