{"name":"Add one book to the User`s Profile","status":"failed","statusDetails":{"known":false,"muted":false,"flaky":false,"message":"Alert not found\r\nPage source: file:/C:/Users/alexd/Projetos/BookStore_Cucumber/build/reports/tests/1702126876867.0.html\r\nTimeout: 4 s.\r\nCaused by: TimeoutException: java.util.concurrent.TimeoutException","trace":"Alert not found\r\nPage source: file:/C:/Users/alexd/Projetos/BookStore_Cucumber/build/reports/tests/1702126876867.0.html\r\nTimeout: 4 s.\r\nCaused by: TimeoutException: java.util.concurrent.TimeoutException\r\n\tat com.codeborne.selenide.SelenideTargetLocator.alertNotFoundError(SelenideTargetLocator.java:310)\r\n\tat com.codeborne.selenide.SelenideTargetLocator.alert(SelenideTargetLocator.java:185)\r\n\tat com.codeborne.selenide.Modal.lambda$confirm$0(Modal.java:29)\r\n\tat com.codeborne.selenide.logevents.SelenideLogger.wrap(SelenideLogger.java:133)\r\n\tat com.codeborne.selenide.logevents.SelenideLogger.get(SelenideLogger.java:113)\r\n\tat com.codeborne.selenide.Modal.confirm(Modal.java:28)\r\n\tat com.codeborne.selenide.Selenide.confirm(Selenide.java:626)\r\n\tat com.codeborne.selenide.Selenide.confirm(Selenide.java:601)\r\n\tat steps.DetailedInformation.iConfirmTheAlertMessage(DetailedInformation.java:30)\r\n\tat âœ½.And I confirm the alert message(AddAndDeleteAllBooks.feature:28)\r\nCaused by: org.openqa.selenium.TimeoutException: java.util.concurrent.TimeoutException\nBuild info: version: '4.11.0', revision: '040bc5406b'\nSystem info: os.name: 'Windows 11', os.arch: 'amd64', os.version: '10.0', java.version: '11.0.20'\nDriver info: org.openqa.selenium.chrome.ChromeDriver\nCommand: [f46bec062ecd5f906808814708a0b458, getAlertText {}]\nCapabilities {acceptInsecureCerts: true, browserName: chrome, browserVersion: 119.0.6045.200, chrome: {chromedriverVersion: 119.0.6045.105 (38c72552c5e..., userDataDir: C:\\Users\\alexd\\AppData\\Loca...}, fedcm:accounts: true, goog:chromeOptions: {debuggerAddress: localhost:50765}, networkConnectionEnabled: false, pageLoadStrategy: normal, platformName: windows, proxy: Proxy(), se:cdp: ws://localhost:50765/devtoo..., se:cdpVersion: 119.0.6045.200, setWindowRect: true, strictFileInteractability: false, timeouts: {implicit: 0, pageLoad: 300000, script: 30000}, unhandledPromptBehavior: accept, webauthn:extension:credBlob: true, webauthn:extension:largeBlob: true, webauthn:extension:minPinLength: true, webauthn:extension:prf: true, webauthn:virtualAuthenticators: true}\nSession ID: f46bec062ecd5f906808814708a0b458\r\n\tat org.openqa.selenium.remote.http.netty.NettyHttpHandler.makeCall(NettyHttpHandler.java:65)\r\n\tat org.openqa.selenium.remote.http.AddSeleniumUserAgent.lambda$apply$0(AddSeleniumUserAgent.java:42)\r\n\tat org.openqa.selenium.remote.http.Filter.lambda$andFinally$1(Filter.java:55)\r\n\tat org.openqa.selenium.remote.http.netty.NettyHttpHandler.execute(NettyHttpHandler.java:48)\r\n\tat org.openqa.selenium.remote.http.netty.NettyClient.execute(NettyClient.java:96)\r\n\tat org.openqa.selenium.remote.HttpCommandExecutor.execute(HttpCommandExecutor.java:188)\r\n\tat org.openqa.selenium.remote.service.DriverCommandExecutor.invokeExecute(DriverCommandExecutor.java:196)\r\n\tat org.openqa.selenium.remote.service.DriverCommandExecutor.execute(DriverCommandExecutor.java:171)\r\n\tat org.openqa.selenium.remote.RemoteWebDriver.execute(RemoteWebDriver.java:518)\r\n\tat org.openqa.selenium.remote.RemoteWebDriver.execute(RemoteWebDriver.java:591)\r\n\tat org.openqa.selenium.remote.RemoteWebDriver.execute(RemoteWebDriver.java:595)\r\n\tat org.openqa.selenium.remote.RemoteWebDriver$RemoteTargetLocator.alert(RemoteWebDriver.java:1107)\r\n\tat org.openqa.selenium.support.ui.ExpectedConditions$28.apply(ExpectedConditions.java:792)\r\n\tat org.openqa.selenium.support.ui.ExpectedConditions$28.apply(ExpectedConditions.java:788)\r\n\tat org.openqa.selenium.support.ui.FluentWait.until(FluentWait.java:205)\r\n\tat com.codeborne.selenide.SelenideTargetLocator.alert(SelenideTargetLocator.java:182)\r\n\tat com.codeborne.selenide.Modal.lambda$confirm$0(Modal.java:29)\r\n\tat com.codeborne.selenide.logevents.SelenideLogger.wrap(SelenideLogger.java:133)\r\n\tat com.codeborne.selenide.logevents.SelenideLogger.get(SelenideLogger.java:113)\r\n\tat com.codeborne.selenide.Modal.confirm(Modal.java:28)\r\n\tat com.codeborne.selenide.Selenide.confirm(Selenide.java:626)\r\n\tat com.codeborne.selenide.Selenide.confirm(Selenide.java:601)\r\n\tat steps.DetailedInformation.iConfirmTheAlertMessage(DetailedInformation.java:30)\r\n\tat java.base/jdk.internal.reflect.NativeMethodAccessorImpl.invoke0(Native Method)\r\n\tat java.base/jdk.internal.reflect.NativeMethodAccessorImpl.invoke(NativeMethodAccessorImpl.java:62)\r\n\tat java.base/jdk.internal.reflect.DelegatingMethodAccessorImpl.invoke(DelegatingMethodAccessorImpl.java:43)\r\n\tat java.base/java.lang.reflect.Method.invoke(Method.java:566)\r\n\tat cucumber.runtime.Utils$1.call(Utils.java:40)\r\n\tat cucumber.runtime.Timeout.timeout(Timeout.java:16)\r\n\tat cucumber.runtime.Utils.invoke(Utils.java:34)\r\n\tat cucumber.runtime.java.JavaStepDefinition.execute(JavaStepDefinition.java:38)\r\n\tat cucumber.runtime.StepDefinitionMatch.runStep(StepDefinitionMatch.java:37)\r\n\tat cucumber.runtime.Runtime.runStep(Runtime.java:300)\r\n\tat cucumber.runtime.model.StepContainer.runStep(StepContainer.java:44)\r\n\tat cucumber.runtime.model.StepContainer.runSteps(StepContainer.java:39)\r\n\tat cucumber.runtime.model.CucumberScenario.run(CucumberScenario.java:44)\r\n\tat cucumber.runtime.junit.ExecutionUnitRunner.run(ExecutionUnitRunner.java:102)\r\n\tat cucumber.runtime.junit.FeatureRunner.runChild(FeatureRunner.java:63)\r\n\tat cucumber.runtime.junit.FeatureRunner.runChild(FeatureRunner.java:18)\r\n\tat org.junit.runners.ParentRunner$3.run(ParentRunner.java:290)\r\n\tat org.junit.runners.ParentRunner$1.schedule(ParentRunner.java:71)\r\n\tat org.junit.runners.ParentRunner.runChildren(ParentRunner.java:288)\r\n\tat org.junit.runners.ParentRunner.access$000(ParentRunner.java:58)\r\n\tat org.junit.runners.ParentRunner$2.evaluate(ParentRunner.java:268)\r\n\tat org.junit.runners.ParentRunner.run(ParentRunner.java:363)\r\n\tat cucumber.runtime.junit.FeatureRunner.run(FeatureRunner.java:70)\r\n\tat cucumber.api.junit.Cucumber.runChild(Cucumber.java:95)\r\n\tat cucumber.api.junit.Cucumber.runChild(Cucumber.java:38)\r\n\tat org.junit.runners.ParentRunner$3.run(ParentRunner.java:290)\r\n\tat org.junit.runners.ParentRunner$1.schedule(ParentRunner.java:71)\r\n\tat org.junit.runners.ParentRunner.runChildren(ParentRunner.java:288)\r\n\tat org.junit.runners.ParentRunner.access$000(ParentRunner.java:58)\r\n\tat org.junit.runners.ParentRunner$2.evaluate(ParentRunner.java:268)\r\n\tat org.junit.runners.ParentRunner.run(ParentRunner.java:363)\r\n\tat cucumber.api.junit.Cucumber.run(Cucumber.java:100)\r\n\tat org.junit.runner.JUnitCore.run(JUnitCore.java:137)\r\n\tat com.intellij.junit4.JUnit4IdeaTestRunner.startRunnerWithArgs(JUnit4IdeaTestRunner.java:69)\r\n\tat com.intellij.rt.junit.IdeaTestRunner$Repeater$1.execute(IdeaTestRunner.java:38)\r\n\tat com.intellij.rt.execution.junit.TestsRepeater.repeat(TestsRepeater.java:11)\r\n\tat com.intellij.rt.junit.IdeaTestRunner$Repeater.startRunnerWithArgs(IdeaTestRunner.java:35)\r\n\tat com.intellij.rt.junit.JUnitStarter.prepareStreamsAndStart(JUnitStarter.java:235)\r\n\tat com.intellij.rt.junit.JUnitStarter.main(JUnitStarter.java:54)\r\nCaused by: java.util.concurrent.TimeoutException\r\n\tat java.base/java.util.concurrent.CompletableFuture.timedGet(CompletableFuture.java:1886)\r\n\tat java.base/java.util.concurrent.CompletableFuture.get(CompletableFuture.java:2021)\r\n\tat org.asynchttpclient.netty.NettyResponseFuture.get(NettyResponseFuture.java:206)\r\n\tat org.openqa.selenium.remote.http.netty.NettyHttpHandler.makeCall(NettyHttpHandler.java:59)\r\n\t... 61 more\r\n"},"stage":"finished","steps":[{"name":"$(\"open\") https://demoqa.com/books","status":"passed","stage":"finished","steps":[{"name":"$(\"webdriver\") create()","status":"passed","stage":"finished","steps":[],"attachments":[],"parameters":[],"start":1702126737635,"stop":1702126746866}],"attachments":[],"parameters":[],"start":1702126737617,"stop":1702126764754},{"name":"Given  I open Book Store","status":"passed","stage":"finished","steps":[{"name":"$(\"open\") https://demoqa.com/books","status":"passed","stage":"finished","steps":[],"attachments":[],"parameters":[],"start":1702126765564,"stop":1702126767224}],"attachments":[],"parameters":[],"start":1702126764761,"stop":1702126767233},{"name":"When  I follow Login Link","status":"passed","stage":"finished","steps":[{"name":"$(\"by text: Login\") scroll to()","status":"passed","stage":"finished","steps":[],"attachments":[],"parameters":[],"start":1702126767240,"stop":1702126768813},{"name":"$(\"by text: Login\") should be(visible)","status":"passed","stage":"finished","steps":[],"attachments":[],"parameters":[],"start":1702126768819,"stop":1702126768935},{"name":"$(\"by text: Login\") click()","status":"passed","stage":"finished","steps":[],"attachments":[],"parameters":[],"start":1702126768935,"stop":1702126769140}],"attachments":[],"parameters":[],"start":1702126767235,"stop":1702126769140},{"name":"And  I input \"Ronny\" to userName field","status":"passed","stage":"finished","steps":[{"name":"$(\"By.id: userName\") should be(visible)","status":"passed","stage":"finished","steps":[],"attachments":[],"parameters":[],"start":1702126769157,"stop":1702126769321},{"name":"$(\"By.id: userName\") set value(Ronny)","status":"passed","stage":"finished","steps":[],"attachments":[],"parameters":[],"start":1702126769321,"stop":1702126770049}],"attachments":[],"parameters":[],"start":1702126769144,"stop":1702126770052},{"name":"And  I input \"123Ron321&\" to password field","status":"passed","stage":"finished","steps":[{"name":"$(\"By.id: password\") should be(visible)","status":"passed","stage":"finished","steps":[],"attachments":[],"parameters":[],"start":1702126770056,"stop":1702126770172},{"name":"$(\"By.id: password\") set value(123Ron321&)","status":"passed","stage":"finished","steps":[],"attachments":[],"parameters":[],"start":1702126770172,"stop":1702126770456}],"attachments":[],"parameters":[],"start":1702126770055,"stop":1702126770456},{"name":"When  I click the Login button","status":"passed","stage":"finished","steps":[{"name":"$(\"[class='btn btn-primary']\") scroll into view(true)","status":"passed","stage":"finished","steps":[],"attachments":[],"parameters":[],"start":1702126770458,"stop":1702126770538},{"name":"$(\"[class='btn btn-primary']\") should be(visible)","status":"passed","stage":"finished","steps":[],"attachments":[],"parameters":[],"start":1702126770538,"stop":1702126770617},{"name":"$(\"[class='btn btn-primary']\") click()","status":"passed","stage":"finished","steps":[],"attachments":[],"parameters":[],"start":1702126770617,"stop":1702126770763}],"attachments":[],"parameters":[],"start":1702126770457,"stop":1702126770765},{"name":"Then  I am on the Profile page","status":"passed","stage":"finished","steps":[{"name":"$(\"By.xpath: //div[text() ='Action']\") should be(visible)","status":"passed","stage":"finished","steps":[],"attachments":[],"parameters":[],"start":1702126770766,"stop":1702126771780},{"name":"$(\"[class ='rt-tr-group'].snapshot(5 elements)[0]\") should be(visible)","status":"passed","stage":"finished","steps":[],"attachments":[],"parameters":[],"start":1702126772006,"stop":1702126772032},{"name":"$(\"[class ='rt-tr-group'].snapshot(5 elements)[1]\") should be(visible)","status":"passed","stage":"finished","steps":[],"attachments":[],"parameters":[],"start":1702126772033,"stop":1702126772074},{"name":"$(\"[class ='rt-tr-group'].snapshot(5 elements)[2]\") should be(visible)","status":"passed","stage":"finished","steps":[],"attachments":[],"parameters":[],"start":1702126772075,"stop":1702126772120},{"name":"$(\"[class ='rt-tr-group'].snapshot(5 elements)[3]\") should be(visible)","status":"passed","stage":"finished","steps":[],"attachments":[],"parameters":[],"start":1702126772120,"stop":1702126772155},{"name":"$(\"[class ='rt-tr-group'].snapshot(5 elements)[4]\") should be(visible)","status":"passed","stage":"finished","steps":[],"attachments":[],"parameters":[],"start":1702126772155,"stop":1702126772198}],"attachments":[],"parameters":[],"start":1702126770766,"stop":1702126772199},{"name":"And  I see the Profile Book Catalog empty","status":"passed","stage":"finished","steps":[{"name":"$(\"[class ='rt-tr-group'].filter(not empty: attribute value=\"\" and exact text \"\")\") should have(size(0))","status":"passed","stage":"finished","steps":[],"attachments":[],"parameters":[],"start":1702126772290,"stop":1702126772684}],"attachments":[],"parameters":[],"start":1702126772202,"stop":1702126772684},{"name":"When  I follow the Book Store Link","status":"passed","stage":"finished","steps":[{"name":"$(\"By.xpath: //*[text()='Book Store']\") scroll into view(true)","status":"passed","stage":"finished","steps":[],"attachments":[],"parameters":[],"start":1702126772717,"stop":1702126772763},{"name":"$(\"By.xpath: //*[text()='Book Store']\") should be(visible)","status":"passed","stage":"finished","steps":[],"attachments":[],"parameters":[],"start":1702126772765,"stop":1702126772819},{"name":"$(\"By.xpath: //*[text()='Book Store']\") click()","status":"passed","stage":"finished","steps":[],"attachments":[],"parameters":[],"start":1702126772819,"stop":1702126772927}],"attachments":[],"parameters":[],"start":1702126772717,"stop":1702126772928},{"name":"Then  I am on the Book Store Page","status":"passed","stage":"finished","steps":[{"name":"$(\"[class='main-header']\") should be(visible)","status":"passed","stage":"finished","steps":[],"attachments":[],"parameters":[],"start":1702126772933,"stop":1702126772992},{"name":"$(\"[class='main-header']\") should have(text \"Book Store\")","status":"passed","stage":"finished","steps":[],"attachments":[],"parameters":[],"start":1702126772993,"stop":1702126773091}],"attachments":[],"parameters":[],"start":1702126772928,"stop":1702126773092},{"name":"When  I click the \"Git Pocket Guide\" Title Link","status":"passed","stage":"finished","steps":[{"name":"$(\"By.xpath: //*[text()='Git Pocket Guide']\") scroll to()","status":"passed","stage":"finished","steps":[],"attachments":[],"parameters":[],"start":1702126773093,"stop":1702126773457},{"name":"$(\"By.xpath: //*[text()='Git Pocket Guide']\") should be(visible)","status":"passed","stage":"finished","steps":[],"attachments":[],"parameters":[],"start":1702126773457,"stop":1702126773556},{"name":"$(\"By.xpath: //*[text()='Git Pocket Guide']\") click()","status":"passed","stage":"finished","steps":[],"attachments":[],"parameters":[],"start":1702126773557,"stop":1702126776215}],"attachments":[],"parameters":[],"start":1702126773093,"stop":1702126776216},{"name":"Then  I am on the Profile Book Detailed Information Page","status":"passed","stage":"finished","steps":[{"name":"$(\"by text: Add To Your Collection\") scroll into view(true)","status":"passed","stage":"finished","steps":[],"attachments":[],"parameters":[],"start":1702126776217,"stop":1702126776243},{"name":"$(\"by text: Add To Your Collection\") should be(visible)","status":"passed","stage":"finished","steps":[],"attachments":[],"parameters":[],"start":1702126776243,"stop":1702126777015}],"attachments":[],"parameters":[],"start":1702126776216,"stop":1702126777016},{"name":"And  I see the detailed information about \"Git Pocket Guide\" book","status":"passed","stage":"finished","steps":[{"name":"$(\"By.xpath: //*[text()='Git Pocket Guide']\") should be(visible)","status":"passed","stage":"finished","steps":[],"attachments":[],"parameters":[],"start":1702126777018,"stop":1702126777164}],"attachments":[],"parameters":[],"start":1702126777017,"stop":1702126777165},{"name":"When  I click the Add To Your Collection button","status":"passed","stage":"finished","steps":[{"name":"$(\"by text: Add To Your Collection\") scroll into view(true)","status":"passed","stage":"finished","steps":[],"attachments":[],"parameters":[],"start":1702126777166,"stop":1702126777190},{"name":"$(\"by text: Add To Your Collection\") should be(visible)","status":"passed","stage":"finished","steps":[],"attachments":[],"parameters":[],"start":1702126777190,"stop":1702126777220},{"name":"$(\"by text: Add To Your Collection\") click()","status":"passed","stage":"finished","steps":[],"attachments":[],"parameters":[],"start":1702126777220,"stop":1702126777710}],"attachments":[],"parameters":[],"start":1702126777166,"stop":1702126777711},{"name":"And  I confirm the alert message","status":"passed","stage":"finished","steps":[{"name":"$(\"modal()\") confirm()","status":"passed","stage":"finished","steps":[],"attachments":[],"parameters":[],"start":1702126777715,"stop":1702126777980}],"attachments":[],"parameters":[],"start":1702126777711,"stop":1702126777980},{"name":"And  I click Back To Book Store button","status":"passed","stage":"finished","steps":[{"name":"$(\"[class=\"text-left fullButton\"]\") scroll to()","status":"passed","stage":"finished","steps":[],"attachments":[],"parameters":[],"start":1702126777982,"stop":1702126778070},{"name":"$(\"[class=\"text-left fullButton\"]\") should be(visible)","status":"passed","stage":"finished","steps":[],"attachments":[],"parameters":[],"start":1702126778072,"stop":1702126778136},{"name":"$(\"[class=\"text-left fullButton\"]\") click()","status":"passed","stage":"finished","steps":[],"attachments":[],"parameters":[],"start":1702126778137,"stop":1702126784905}],"attachments":[],"parameters":[],"start":1702126777982,"stop":1702126784906},{"name":"Then  I am on the Book Store Page","status":"passed","stage":"finished","steps":[{"name":"$(\"[class='main-header']\") should be(visible)","status":"passed","stage":"finished","steps":[],"attachments":[],"parameters":[],"start":1702126784915,"stop":1702126784943},{"name":"$(\"[class='main-header']\") should have(text \"Book Store\")","status":"passed","stage":"finished","steps":[],"attachments":[],"parameters":[],"start":1702126784943,"stop":1702126784974}],"attachments":[],"parameters":[],"start":1702126784915,"stop":1702126784981},{"name":"When  I click the \"Designing Evolvable Web APIs with ASP.NET\" Title Link","status":"passed","stage":"finished","steps":[{"name":"$(\"By.xpath: //*[text()='Designing Evolvable Web APIs with ASP.NET']\") scroll to()","status":"passed","stage":"finished","steps":[],"attachments":[],"parameters":[],"start":1702126784981,"stop":1702126785036},{"name":"$(\"By.xpath: //*[text()='Designing Evolvable Web APIs with ASP.NET']\") should be(visible)","status":"passed","stage":"finished","steps":[],"attachments":[],"parameters":[],"start":1702126785039,"stop":1702126785113},{"name":"$(\"By.xpath: //*[text()='Designing Evolvable Web APIs with ASP.NET']\") click()","status":"passed","stage":"finished","steps":[],"attachments":[],"parameters":[],"start":1702126785113,"stop":1702126786025}],"attachments":[],"parameters":[],"start":1702126784981,"stop":1702126786027},{"name":"Then  I am on the Profile Book Detailed Information Page","status":"passed","stage":"finished","steps":[{"name":"$(\"by text: Add To Your Collection\") scroll into view(true)","status":"passed","stage":"finished","steps":[],"attachments":[],"parameters":[],"start":1702126786028,"stop":1702126786066},{"name":"$(\"by text: Add To Your Collection\") should be(visible)","status":"passed","stage":"finished","steps":[],"attachments":[],"parameters":[],"start":1702126786066,"stop":1702126786395}],"attachments":[],"parameters":[],"start":1702126786028,"stop":1702126786396},{"name":"And  I see the detailed information about \"Designing Evolvable Web APIs with ASP.NET\" book","status":"passed","stage":"finished","steps":[{"name":"$(\"By.xpath: //*[text()='Designing Evolvable Web APIs with ASP.NET']\") should be(visible)","status":"passed","stage":"finished","steps":[],"attachments":[],"parameters":[],"start":1702126786396,"stop":1702126786425}],"attachments":[],"parameters":[],"start":1702126786396,"stop":1702126786425},{"name":"When  I click the Add To Your Collection button","status":"passed","stage":"finished","steps":[{"name":"$(\"by text: Add To Your Collection\") scroll into view(true)","status":"passed","stage":"finished","steps":[],"attachments":[],"parameters":[],"start":1702126786426,"stop":1702126786453},{"name":"$(\"by text: Add To Your Collection\") should be(visible)","status":"passed","stage":"finished","steps":[],"attachments":[],"parameters":[],"start":1702126786453,"stop":1702126786486},{"name":"$(\"by text: Add To Your Collection\") click()","status":"passed","stage":"finished","steps":[],"attachments":[],"parameters":[],"start":1702126786486,"stop":1702126786615}],"attachments":[],"parameters":[],"start":1702126786426,"stop":1702126786615},{"name":"And  I confirm the alert message","status":"failed","stage":"finished","steps":[{"name":"$(\"modal()\") confirm()","status":"failed","statusDetails":{"known":false,"muted":false,"flaky":false,"message":"Alert not found\r\nPage source: file:/C:/Users/alexd/Projetos/BookStore_Cucumber/build/reports/tests/1702126876867.0.html\r\nTimeout: 4 s.\r\nCaused by: TimeoutException: java.util.concurrent.TimeoutException","trace":"Alert not found\r\nPage source: file:/C:/Users/alexd/Projetos/BookStore_Cucumber/build/reports/tests/1702126876867.0.html\r\nTimeout: 4 s.\r\nCaused by: TimeoutException: java.util.concurrent.TimeoutException\r\n\tat com.codeborne.selenide.SelenideTargetLocator.alertNotFoundError(SelenideTargetLocator.java:310)\r\n\tat com.codeborne.selenide.SelenideTargetLocator.alert(SelenideTargetLocator.java:185)\r\n\tat com.codeborne.selenide.Modal.lambda$confirm$0(Modal.java:29)\r\n\tat com.codeborne.selenide.logevents.SelenideLogger.wrap(SelenideLogger.java:133)\r\n\tat com.codeborne.selenide.logevents.SelenideLogger.get(SelenideLogger.java:113)\r\n\tat com.codeborne.selenide.Modal.confirm(Modal.java:28)\r\n\tat com.codeborne.selenide.Selenide.confirm(Selenide.java:626)\r\n\tat com.codeborne.selenide.Selenide.confirm(Selenide.java:601)\r\n\tat steps.DetailedInformation.iConfirmTheAlertMessage(DetailedInformation.java:30)\r\n\tat java.base/jdk.internal.reflect.NativeMethodAccessorImpl.invoke0(Native Method)\r\n\tat java.base/jdk.internal.reflect.NativeMethodAccessorImpl.invoke(NativeMethodAccessorImpl.java:62)\r\n\tat java.base/jdk.internal.reflect.DelegatingMethodAccessorImpl.invoke(DelegatingMethodAccessorImpl.java:43)\r\n\tat java.base/java.lang.reflect.Method.invoke(Method.java:566)\r\n\tat cucumber.runtime.Utils$1.call(Utils.java:40)\r\n\tat cucumber.runtime.Timeout.timeout(Timeout.java:16)\r\n\tat cucumber.runtime.Utils.invoke(Utils.java:34)\r\n\tat cucumber.runtime.java.JavaStepDefinition.execute(JavaStepDefinition.java:38)\r\n\tat cucumber.runtime.StepDefinitionMatch.runStep(StepDefinitionMatch.java:37)\r\n\tat cucumber.runtime.Runtime.runStep(Runtime.java:300)\r\n\tat cucumber.runtime.model.StepContainer.runStep(StepContainer.java:44)\r\n\tat cucumber.runtime.model.StepContainer.runSteps(StepContainer.java:39)\r\n\tat cucumber.runtime.model.CucumberScenario.run(CucumberScenario.java:44)\r\n\tat cucumber.runtime.junit.ExecutionUnitRunner.run(ExecutionUnitRunner.java:102)\r\n\tat cucumber.runtime.junit.FeatureRunner.runChild(FeatureRunner.java:63)\r\n\tat cucumber.runtime.junit.FeatureRunner.runChild(FeatureRunner.java:18)\r\n\tat org.junit.runners.ParentRunner$3.run(ParentRunner.java:290)\r\n\tat org.junit.runners.ParentRunner$1.schedule(ParentRunner.java:71)\r\n\tat org.junit.runners.ParentRunner.runChildren(ParentRunner.java:288)\r\n\tat org.junit.runners.ParentRunner.access$000(ParentRunner.java:58)\r\n\tat org.junit.runners.ParentRunner$2.evaluate(ParentRunner.java:268)\r\n\tat org.junit.runners.ParentRunner.run(ParentRunner.java:363)\r\n\tat cucumber.runtime.junit.FeatureRunner.run(FeatureRunner.java:70)\r\n\tat cucumber.api.junit.Cucumber.runChild(Cucumber.java:95)\r\n\tat cucumber.api.junit.Cucumber.runChild(Cucumber.java:38)\r\n\tat org.junit.runners.ParentRunner$3.run(ParentRunner.java:290)\r\n\tat org.junit.runners.ParentRunner$1.schedule(ParentRunner.java:71)\r\n\tat org.junit.runners.ParentRunner.runChildren(ParentRunner.java:288)\r\n\tat org.junit.runners.ParentRunner.access$000(ParentRunner.java:58)\r\n\tat org.junit.runners.ParentRunner$2.evaluate(ParentRunner.java:268)\r\n\tat org.junit.runners.ParentRunner.run(ParentRunner.java:363)\r\n\tat cucumber.api.junit.Cucumber.run(Cucumber.java:100)\r\n\tat org.junit.runner.JUnitCore.run(JUnitCore.java:137)\r\n\tat com.intellij.junit4.JUnit4IdeaTestRunner.startRunnerWithArgs(JUnit4IdeaTestRunner.java:69)\r\n\tat com.intellij.rt.junit.IdeaTestRunner$Repeater$1.execute(IdeaTestRunner.java:38)\r\n\tat com.intellij.rt.execution.junit.TestsRepeater.repeat(TestsRepeater.java:11)\r\n\tat com.intellij.rt.junit.IdeaTestRunner$Repeater.startRunnerWithArgs(IdeaTestRunner.java:35)\r\n\tat com.intellij.rt.junit.JUnitStarter.prepareStreamsAndStart(JUnitStarter.java:235)\r\n\tat com.intellij.rt.junit.JUnitStarter.main(JUnitStarter.java:54)\r\nCaused by: org.openqa.selenium.TimeoutException: java.util.concurrent.TimeoutException\nBuild info: version: '4.11.0', revision: '040bc5406b'\nSystem info: os.name: 'Windows 11', os.arch: 'amd64', os.version: '10.0', java.version: '11.0.20'\nDriver info: org.openqa.selenium.chrome.ChromeDriver\nCommand: [f46bec062ecd5f906808814708a0b458, getAlertText {}]\nCapabilities {acceptInsecureCerts: true, browserName: chrome, browserVersion: 119.0.6045.200, chrome: {chromedriverVersion: 119.0.6045.105 (38c72552c5e..., userDataDir: C:\\Users\\alexd\\AppData\\Loca...}, fedcm:accounts: true, goog:chromeOptions: {debuggerAddress: localhost:50765}, networkConnectionEnabled: false, pageLoadStrategy: normal, platformName: windows, proxy: Proxy(), se:cdp: ws://localhost:50765/devtoo..., se:cdpVersion: 119.0.6045.200, setWindowRect: true, strictFileInteractability: false, timeouts: {implicit: 0, pageLoad: 300000, script: 30000}, unhandledPromptBehavior: accept, webauthn:extension:credBlob: true, webauthn:extension:largeBlob: true, webauthn:extension:minPinLength: true, webauthn:extension:prf: true, webauthn:virtualAuthenticators: true}\nSession ID: f46bec062ecd5f906808814708a0b458\r\n\tat org.openqa.selenium.remote.http.netty.NettyHttpHandler.makeCall(NettyHttpHandler.java:65)\r\n\tat org.openqa.selenium.remote.http.AddSeleniumUserAgent.lambda$apply$0(AddSeleniumUserAgent.java:42)\r\n\tat org.openqa.selenium.remote.http.Filter.lambda$andFinally$1(Filter.java:55)\r\n\tat org.openqa.selenium.remote.http.netty.NettyHttpHandler.execute(NettyHttpHandler.java:48)\r\n\tat org.openqa.selenium.remote.http.netty.NettyClient.execute(NettyClient.java:96)\r\n\tat org.openqa.selenium.remote.HttpCommandExecutor.execute(HttpCommandExecutor.java:188)\r\n\tat org.openqa.selenium.remote.service.DriverCommandExecutor.invokeExecute(DriverCommandExecutor.java:196)\r\n\tat org.openqa.selenium.remote.service.DriverCommandExecutor.execute(DriverCommandExecutor.java:171)\r\n\tat org.openqa.selenium.remote.RemoteWebDriver.execute(RemoteWebDriver.java:518)\r\n\tat org.openqa.selenium.remote.RemoteWebDriver.execute(RemoteWebDriver.java:591)\r\n\tat org.openqa.selenium.remote.RemoteWebDriver.execute(RemoteWebDriver.java:595)\r\n\tat org.openqa.selenium.remote.RemoteWebDriver$RemoteTargetLocator.alert(RemoteWebDriver.java:1107)\r\n\tat org.openqa.selenium.support.ui.ExpectedConditions$28.apply(ExpectedConditions.java:792)\r\n\tat org.openqa.selenium.support.ui.ExpectedConditions$28.apply(ExpectedConditions.java:788)\r\n\tat org.openqa.selenium.support.ui.FluentWait.until(FluentWait.java:205)\r\n\tat com.codeborne.selenide.SelenideTargetLocator.alert(SelenideTargetLocator.java:182)\r\n\t... 46 more\r\nCaused by: java.util.concurrent.TimeoutException\r\n\tat java.base/java.util.concurrent.CompletableFuture.timedGet(CompletableFuture.java:1886)\r\n\tat java.base/java.util.concurrent.CompletableFuture.get(CompletableFuture.java:2021)\r\n\tat org.asynchttpclient.netty.NettyResponseFuture.get(NettyResponseFuture.java:206)\r\n\tat org.openqa.selenium.remote.http.netty.NettyHttpHandler.makeCall(NettyHttpHandler.java:59)\r\n\t... 61 more\r\n"},"stage":"finished","steps":[],"attachments":[{"name":"Screenshot","source":"9a342ef4-2a4c-4eb8-8c51-e967e52f8d0b-attachment.png","type":"image/png"}],"parameters":[],"start":1702126786616,"stop":1702127104732}],"attachments":[],"parameters":[],"start":1702126786616,"stop":1702127104874},{"name":"And  I follow the Profile link on the Sidebar","status":"skipped","stage":"finished","steps":[],"attachments":[],"parameters":[],"start":1702127104875,"stop":1702127104879},{"name":"Then  I see the \"Git Pocket Guide\" book in User`s collection","status":"skipped","stage":"finished","steps":[],"attachments":[],"parameters":[],"start":1702127104879,"stop":1702127104881},{"name":"And  I see the \"Designing Evolvable Web APIs with ASP.NET\" book in User`s collection","status":"skipped","stage":"finished","steps":[],"attachments":[],"parameters":[],"start":1702127104881,"stop":1702127104882},{"name":"And  I see that there are only two books in User`s collection","status":"skipped","stage":"finished","steps":[],"attachments":[],"parameters":[],"start":1702127104882,"stop":1702127104883},{"name":"When  I click Delete All Books button","status":"skipped","stage":"finished","steps":[],"attachments":[],"parameters":[],"start":1702127104884,"stop":1702127104884},{"name":"And  I confirm the alert delete message","status":"skipped","stage":"finished","steps":[],"attachments":[],"parameters":[],"start":1702127104884,"stop":1702127104885},{"name":"Then  I see the Profile Book Catalog empty","status":"skipped","stage":"finished","steps":[],"attachments":[],"parameters":[],"start":1702127104885,"stop":1702127104886},{"name":"$(\"webdriver\") close()","status":"passed","stage":"finished","steps":[],"attachments":[],"parameters":[],"start":1702127104888,"stop":1702127105957}],"attachments":[],"parameters":[],"start":1702126737395,"stop":1702127105959,"uuid":"5f6ce2bd-f974-4d7f-8ca5-91d4ecbb4028","historyId":"c298ce9a79b3ec3db80262cbbd0a62a1","fullName":"Add and delete all books: Add one book to the User`s Profile","labels":[{"name":"feature","value":"Add and delete all books"},{"name":"story","value":"Add one book to the User`s Profile"},{"name":"tag","value":"add_delete_allBooks"},{"name":"tag","value":"addDeleteAllBooks"},{"name":"host","value":"DESKTOP-TFD6REL"},{"name":"thread","value":"26756@DESKTOP-TFD6REL.main(1)"},{"name":"package","value":"Add and delete all books"},{"name":"suite","value":"Add and delete all books"},{"name":"testClass","value":"Add one book to the User`s Profile"},{"name":"framework","value":"cucumberjvm"},{"name":"language","value":"java"}],"links":[]}